0000000000000000 a __start__
0000000000000000 T _start
0000000000000000 b _TLS_MODULE_BASE_
0000000000000000 0000000000000004 b fsdev_last_result
0000000000000008 0000000000000401 B __nx_dev_path_buf
00000000000000e0 T __nx_exit
00000000000000f0 T __nx_mod0
0000000000000140 0000000000000034 T exit
0000000000000180 00000000000000f0 T main
0000000000000280 t __do_global_dtors_aux
00000000000002e0 t frame_dummy
0000000000000310 0000000000000190 T calculatePI
000000000000040c 0000000000000004 b g_fsPriority
00000000000004a0 0000000000000080 T printSetupScreen
0000000000000520 00000000000001f0 T updateUserInputs
0000000000000710 00000000000000b4 T finishedLoopUI
00000000000007d0 000000000000002c T exitCleanly
0000000000000800 0000000000000018 t _appletInfiniteSleepLoop
0000000000000820 0000000000000108 t _appletCmdGetSession
0000000000000930 00000000000000cc t _appletCmdInU8NoOut
0000000000000a00 00000000000000cc t _appletCmdInU32NoOut
0000000000000ad0 000000000000012c t _appletGetSessionProxy.constprop.0
0000000000000c00 0000000000000148 t _appletOpenLibraryAppletProxy.constprop.0
0000000000000d50 00000000000000f8 t _appletCmdGetEvent
0000000000000e50 00000000000000d4 t _appletCmdNoInOutU8.isra.0
0000000000000f30 00000000000000d4 t _appletCmdNoInOutU32.isra.0
0000000000001010 00000000000000d4 t _appletCmdNoInOutU64.isra.0
00000000000010f0 00000000000000c0 t _appletCmdNoIO.isra.0
00000000000011b0 0000000000000010 T appletGetAppletType
00000000000011c0 00000000000001b8 T appletSetFocusHandlingMode
0000000000001380 000000000000005c T appletSetCpuBoostMode
00000000000013e0 000000000000002c T appletCreateManagedDisplayLayer
0000000000001410 000000000000000c T appletGetAppletResourceUserId
0000000000001420 0000000000000138 t _appletHolderCreateState
0000000000001560 00000000000000b0 T appletHolderClose
0000000000001610 0000000000000024 T appletHolderGetLibraryAppletInfo
0000000000001640 0000000000000090 T appletNotifyRunning
00000000000016d0 0000000000000078 T appletSetGamePlayRecordingState
0000000000001750 0000000000000ad4 t _appletCleanup
0000000000002230 0000000000000048 T appletExit
0000000000002280 0000000000000040 T appletGetLibraryAppletInfo
00000000000022c0 0000000000000c14 T appletInitialize
0000000000002ee0 0000000000000024 t _appletExitProcess
0000000000002f10 0000000000000074 T appletGetMessage
0000000000002f90 0000000000000264 T appletProcessMessage
0000000000003200 0000000000000034 T appletMainLoop
0000000000003240 00000000000000cc t _smCmifCmdInPid
0000000000003310 0000000000000078 t _smCleanup
0000000000003390 0000000000000048 T smAddOverrideHandle
00000000000033e0 0000000000000054 T smGetServiceOverride
0000000000003440 00000000000001ac T smInitialize
00000000000035f0 0000000000000048 T smExit
0000000000003640 00000000000000d0 T smGetServiceOriginal
0000000000003710 0000000000000120 T smGetServiceWrapper
0000000000003830 000000000000001c W diagAbortWithResult
0000000000003850 0000000000000208 T envSetup
0000000000003a60 0000000000000020 T envGetMainThreadHandle
0000000000003a80 000000000000000c T envIsNso
0000000000003a90 0000000000000014 T envHasHeapOverride
0000000000003ab0 000000000000000c T envGetHeapOverrideAddr
0000000000003ac0 000000000000000c T envGetHeapOverrideSize
0000000000003ad0 0000000000000014 T envHasArgv
0000000000003af0 000000000000000c T envGetArgv
0000000000003b00 000000000000000c T envGetExitFuncPtr
0000000000003b10 000000000000000c T envSetExitFuncPtr
0000000000003b20 000000000000000c T envHasRandomSeed
0000000000003b30 0000000000000010 T envGetRandomSeed
0000000000003b40 0000000000000014 T hosversionGet
0000000000003b60 0000000000000010 T hosversionSet
0000000000003b70 000000000000009c T padConfigureInput
0000000000003c10 0000000000000024 T padInitializeWithMask
0000000000003c40 0000000000000294 T padUpdate
0000000000003ee0 0000000000000048 t consoleDrawChar
0000000000003f30 000000000000021c t parseColor
0000000000004150 00000000000000b4 t consoleNewRow
0000000000004210 0000000000000bf8 t con_write
0000000000004e10 0000000000000154 T consoleInit
0000000000004f70 0000000000000044 T consoleExit
0000000000004fc0 000000000000002c T consoleUpdate
0000000000004ff0 0000000000000084 T consoleClear
0000000000005080 00000000000001bc t ConsoleSwRenderer_drawChar
0000000000005240 00000000000000e8 t ConsoleSwRenderer_init
0000000000005330 0000000000000078 t ConsoleSwRenderer_flushAndSwap
00000000000053b0 00000000000000d4 t ConsoleSwRenderer_scrollWindow
0000000000005490 0000000000000050 t ConsoleSwRenderer_deinit
00000000000054e0 000000000000000c W getDefaultConsoleRenderer
00000000000054ec T svcSetHeapSize
0000000000005500 T svcSetMemoryPermission
0000000000005508 T svcSetMemoryAttribute
0000000000005510 T svcUnmapMemory
0000000000005518 T svcQueryMemory
000000000000552c T svcExitProcess
0000000000005534 T svcSleepThread
000000000000553c T svcMapSharedMemory
0000000000005544 T svcUnmapSharedMemory
000000000000554c T svcCreateTransferMemory
0000000000005560 T svcCloseHandle
0000000000005568 T svcResetSignal
0000000000005570 T svcWaitSynchronization
0000000000005584 T svcArbitrateLock
000000000000558c T svcArbitrateUnlock
0000000000005594 T svcWaitProcessWideKeyAtomic
000000000000559c T svcSignalProcessWideKey
00000000000055a4 T svcConnectToNamedPort
00000000000055b8 T svcSendSyncRequest
00000000000055c0 T svcBreak
00000000000055c8 T svcReturnFromException
00000000000055d0 T svcGetInfo
00000000000055e4 T svcUnmapTransferMemory
00000000000055f0 000000000000000c T eventLoadRemote
0000000000005600 0000000000000034 T eventWait
0000000000005640 0000000000000054 T eventClose
00000000000056a0 00000000000000c8 T mutexLock
0000000000005770 0000000000000068 T mutexUnlock
00000000000057e0 000000000000001c T mutexIsLockedByCurrentThread
0000000000005800 0000000000000058 T rmutexLock
0000000000005860 000000000000001c T rmutexUnlock
0000000000005880 00000000000000a8 T tmemCreate
0000000000005930 0000000000000034 T tmemUnmap
0000000000005970 0000000000000030 T tmemCloseHandle
00000000000059a0 000000000000009c T tmemWaitForPermission
0000000000005a40 0000000000000050 T tmemClose
0000000000005a90 0000000000000064 t _memregionInitWithInfo
0000000000005b00 0000000000000004 W __libnx_virtmem_rng
0000000000005b10 0000000000000164 t _memregionFindRandom
0000000000005c80 0000000000000140 T virtmemSetup
0000000000005dc0 000000000000000c T virtmemLock
0000000000005dd0 000000000000000c T virtmemUnlock
0000000000005de0 0000000000000050 T virtmemFindAslr
0000000000005e30 000000000000057c T waitObjects
00000000000063b0 00000000000000d4 t _apmCleanup
0000000000006490 0000000000000194 T apmInitialize
0000000000006630 0000000000000048 T apmExit
0000000000006680 00000000000000c8 T apmSetPerformanceConfiguration
0000000000006750 000000000000012c t _hidCleanup
0000000000006880 00000000000000d4 t _hidCmdInAruidNoOut
0000000000006960 00000000000000e0 t _hidCmdInU32AruidNoOut
0000000000006a40 0000000000000194 t _hidGetStates
0000000000006be0 000000000000026c T hidInitialize
0000000000006e50 0000000000000048 T hidExit
0000000000006ea0 000000000000000c T hidGetSharedmemAddr
0000000000006eb0 0000000000000090 T hidGetNpadStyleSet
0000000000006f40 0000000000000084 T hidInitializeNpad
0000000000006fd0 00000000000000a4 T hidGetNpadStatesFullKey
0000000000007080 00000000000000a4 T hidGetNpadStatesHandheld
0000000000007130 00000000000000a4 T hidGetNpadStatesJoyDual
00000000000071e0 00000000000000a4 T hidGetNpadStatesJoyLeft
0000000000007290 00000000000000a4 T hidGetNpadStatesJoyRight
0000000000007340 0000000000000144 T hidGetNpadStatesGc
0000000000007490 00000000000000a8 T hidGetNpadStatesSystemExt
0000000000007540 0000000000000008 T hidSetSupportedNpadStyleSet
0000000000007550 0000000000000100 T hidSetSupportedNpadIdType
0000000000007650 000000000000000c T nwindowGetDefault
0000000000007660 00000000000000a4 T __nx_win_init
0000000000007710 0000000000000034 T __nx_win_exit
0000000000007750 000000000000008c T framebufferMakeLinear
00000000000077e0 0000000000000084 T framebufferClose
0000000000007870 0000000000000290 T framebufferCreate
0000000000007b00 000000000000007c T framebufferBegin
0000000000007b80 0000000000000190 T framebufferEnd
0000000000007d10 0000000000000024 T nwindowIsValid
0000000000007d40 000000000000007c T nwindowClose
0000000000007dc0 00000000000000f8 T nwindowCreate
0000000000007ec0 0000000000000038 T nwindowCreateFromLayer
0000000000007f00 0000000000000084 T nwindowSetDimensions
0000000000007f90 0000000000000180 T nwindowConfigureBuffer
0000000000008110 00000000000001cc T nwindowDequeueBuffer
00000000000082e0 000000000000012c T nwindowQueueBuffer
0000000000008410 00000000000000bc T nwindowReleaseBuffers
00000000000084d0 0000000000000004 W __libnx_alloc
00000000000084e0 0000000000000014 W __libnx_aligned_alloc
0000000000008500 0000000000000004 W __libnx_free
0000000000008510 0000000000000314 W argvSetup
0000000000008830 00000000000001fc T __nx_dynamic
0000000000008a30 00000000000000d0 W __libnx_initheap
0000000000008b00 00000000000000ec W __appInit
0000000000008bf0 0000000000000044 W __appExit
0000000000008c40 000000000000002c W __libnx_init
0000000000008c70 000000000000001c W __libnx_exit
0000000000008c90 000000000000001c T __syscall_exit
0000000000008cb0 0000000000000034 T __syscall_getreent
0000000000008cf0 0000000000000004 T __syscall_lock_acquire
0000000000008d00 0000000000000004 T __syscall_lock_release
0000000000008d10 0000000000000004 T __syscall_lock_acquire_recursive
0000000000008d20 0000000000000004 T __syscall_lock_release_recursive
0000000000008d30 000000000000025c T __libnx_init_time
0000000000008f90 0000000000000098 T newlibSetup
0000000000009030 00000000000000e8 T nxlinkSetup
0000000000009120 0000000000000010 t fsdev_link
0000000000009130 0000000000000010 t fsdev_dirreset
0000000000009140 0000000000000010 t fsdev_chmod
0000000000009150 0000000000000018 t error_cmp
0000000000009170 0000000000000020 t fsdev_dirclose
0000000000009190 000000000000001c t fsdev_close
00000000000091b0 0000000000000074 t fsdev_converttimetoutc
0000000000009230 00000000000000d4 t fsdevFindDevice.part.0
0000000000009310 00000000000001cc t fsdev_fixpath
00000000000094e0 000000000000009c t _fsdevUnmountDeviceStruct.part.0
0000000000009580 0000000000000010 t fsdev_fchmod
0000000000009590 0000000000000100 t fsdev_diropen
0000000000009690 00000000000000f8 t fsdev_statvfs
0000000000009790 000000000000007c t fsdev_fsync
0000000000009810 00000000000000ec t fsdev_fstat
0000000000009900 0000000000000094 t fsdev_ftruncate
00000000000099a0 00000000000001d8 t fsdev_stat
0000000000009b80 000000000000014c t fsdev_rename
0000000000009cd0 000000000000013c t fsdev_chdir
0000000000009e10 00000000000000a4 t fsdev_rmdir
0000000000009ec0 00000000000000a4 t fsdev_mkdir
0000000000009f70 00000000000000a4 t fsdev_unlink
000000000000a020 000000000000013c t fsdev_write_safe
000000000000a160 0000000000000134 t fsdev_read_safe
000000000000a2a0 0000000000000100 t fsdev_read
000000000000a3a0 00000000000001d4 t fsdev_dirnext
000000000000a580 0000000000000124 t fsdev_write
000000000000a6b0 0000000000000110 t fsdev_seek
000000000000a7c0 0000000000000230 t fsdev_open
000000000000a9f0 0000000000000324 T fsdevMountDevice
000000000000ad20 0000000000000040 T fsdevMountSdmc
000000000000ad60 00000000000000bc T __libnx_init_cwd
000000000000ae20 0000000000000064 T fsdevUnmountAll
000000000000ae90 0000000000000128 T decode_utf8
000000000000afb8 T armDCacheFlush
000000000000afe8 t armDCacheFlush_L0
000000000000b004 W __libnx_exception_entry
000000000000b090 t __libnx_exception_entry_start
000000000000b1b8 t __libnx_exception_entry_abort
000000000000b1bc t __libnx_exception_entry_end
000000000000b1c4 T __libnx_exception_returnentry
000000000000b1dc T __aarch64_read_tp
000000000000b1f0 0000000000000070 T condvarWaitTimeout
000000000000b260 0000000000000410 T randomGet
000000000000b670 0000000000000020 T randomGet64
000000000000b690 0000000000000014 T shmemLoadRemote
000000000000b6b0 0000000000000070 T shmemMap
000000000000b720 0000000000000034 T shmemUnmap
000000000000b760 000000000000004c T shmemClose
000000000000b7b0 00000000000000b0 T __libnx_init_thread
000000000000b860 00000000000000b4 t _fsCleanup
000000000000b920 00000000000001c0 t _fsCmdNoIO
000000000000bae0 00000000000001e0 t _fsFsCmdWithInPath
000000000000bcc0 00000000000001f8 t _fsFsCmdWithTwoInPaths
000000000000bec0 000000000000028c t _fsFsOpenCommon
000000000000c150 00000000000001fc t _fsFsCmdWithInPathAndOutU64
000000000000c350 00000000000000f8 t _fsObjectClose
000000000000c450 000000000000017c t _fsCmdGetSession.constprop.0
000000000000c5d0 00000000000002f8 T fsInitialize
000000000000c8d0 0000000000000048 T fsExit
000000000000c920 0000000000000008 T fsOpenSdCardFileSystem
000000000000c930 00000000000001ec T fsFsCreateFile
000000000000cb20 0000000000000008 T fsFsDeleteFile
000000000000cb30 0000000000000008 T fsFsCreateDirectory
000000000000cb40 0000000000000008 T fsFsDeleteDirectory
000000000000cb50 0000000000000008 T fsFsRenameFile
000000000000cb60 0000000000000008 T fsFsRenameDirectory
000000000000cb70 00000000000001f0 T fsFsGetEntryType
000000000000cd60 0000000000000008 T fsFsOpenFile
000000000000cd70 0000000000000008 T fsFsOpenDirectory
000000000000cd80 0000000000000008 T fsFsGetFreeSpace
000000000000cd90 0000000000000008 T fsFsGetTotalSpace
000000000000cda0 0000000000000230 T fsFsGetFileTimeStampRaw
000000000000cfd0 0000000000000004 T fsFsClose
000000000000cfe0 0000000000000214 T fsFileRead
000000000000d200 00000000000001f8 T fsFileWrite
000000000000d400 0000000000000008 T fsFileFlush
000000000000d410 00000000000001c0 T fsFileSetSize
000000000000d410 00000000000001c0 t fsFileSetSize.localalias
000000000000d5d0 00000000000001d4 T fsFileGetSize
000000000000d5d0 00000000000001d4 t fsFileGetSize.localalias
000000000000d7b0 0000000000000004 T fsFileClose
000000000000d7c0 0000000000000004 T fsDirClose
000000000000d7d0 0000000000000204 T fsDirRead
000000000000d9e0 00000000000000d0 t _nvCleanup
000000000000dab0 00000000000000d4 t _nvCmdInitialize.constprop.0
000000000000db90 0000000000000018 W __nx_nv_create_tmem
000000000000dbb0 00000000000003a8 T nvInitialize
000000000000df60 0000000000000048 T nvExit
000000000000dfb0 00000000000000f4 T nvConvertError
000000000000e0b0 0000000000000114 T nvOpen
000000000000e1d0 0000000000000310 T nvIoctl
000000000000e4e0 00000000000000d4 T nvClose
000000000000e5c0 000000000000010c T nvQueryEvent
000000000000e6d0 00000000000000d0 t _setsysGetFirmwareVersionImpl
000000000000e7a0 0000000000000078 t _setsysCleanup
000000000000e820 00000000000000a0 T setsysInitialize
000000000000e8c0 0000000000000048 T setsysExit
000000000000e910 0000000000000048 T setsysGetFirmwareVersion
000000000000e960 000000000000027c t _timeCleanup
000000000000ebe0 0000000000000100 t _timeCmdGetSession.constprop.0
000000000000ece0 0000000000000104 t _timeReadClockFromSharedMem
000000000000edf0 0000000000000300 T timeInitialize
000000000000f0f0 0000000000000048 T timeExit
000000000000f140 0000000000000038 T timeGetServiceSession_SystemClock
000000000000f180 00000000000000fc T timeGetCurrentTime
000000000000f280 0000000000000108 T timeToCalendarTimeWithMyRule
000000000000f390 0000000000000114 T timeToPosixTimeWithMyRule
000000000000f4b0 0000000000000230 t _viCleanup
000000000000f6e0 0000000000000100 t _viCmdGetSessionNoParams.constprop.0
000000000000f7e0 0000000000000368 T viInitialize
000000000000fb50 0000000000000048 T viExit
000000000000fba0 000000000000000c T viGetSession_IHOSBinderDriverRelay
000000000000fbb0 000000000000010c T viOpenDisplay
000000000000fcc0 00000000000000ec T viCloseDisplay
000000000000fdb0 00000000000000f4 T viCloseLayer
000000000000feb0 0000000000000394 T viCreateLayer
0000000000010250 00000000000000d8 T viSetLayerScalingMode
0000000000010330 0000000000000074 t _nvFenceCleanup
00000000000103b0 0000000000000098 T nvFenceInit
0000000000010450 0000000000000048 T nvFenceExit
00000000000104a0 0000000000000290 T nvFenceWait
0000000000010730 000000000000007c T nvMultiFenceWait
00000000000107b0 00000000000000ac T nvMapInit
0000000000010860 0000000000000074 T nvMapExit
00000000000108e0 000000000000008c T nvMapClose
0000000000010970 0000000000000160 T nvMapCreate
0000000000010ad0 0000000000000024 T nvioctlNvhostCtrl_EventSignal
0000000000010b00 000000000000003c T nvioctlNvhostCtrl_EventWait
0000000000010b40 0000000000000028 T nvioctlNvhostCtrl_EventWaitAsync
0000000000010b70 0000000000000024 T nvioctlNvhostCtrl_EventRegister
0000000000010ba0 0000000000000024 T nvioctlNvhostCtrl_EventUnregister
0000000000010bd0 000000000000003c T nvioctlNvmap_Create
0000000000010c10 0000000000000030 T nvioctlNvmap_Alloc
0000000000010c40 0000000000000030 T nvioctlNvmap_Free
0000000000010c70 000000000000003c T nvioctlNvmap_GetId
0000000000010cb0 000000000000001c T binderCreate
0000000000010cd0 000000000000035c T binderTransactParcel
0000000000011030 00000000000000e8 T binderConvertErrorCode
0000000000011120 0000000000000124 T binderAdjustRefcount
0000000000011250 000000000000009c T binderInitSession
00000000000112f0 000000000000005c T binderClose
0000000000011350 0000000000000154 T binderGetNativeHandle
00000000000114b0 00000000000000c8 T bqRequestBuffer
0000000000011580 0000000000000128 T bqDequeueBuffer
00000000000116b0 00000000000000c8 T bqQueueBuffer
0000000000011780 0000000000000084 T bqCancelBuffer
0000000000011810 00000000000000d0 T bqConnect
00000000000118e0 0000000000000088 T bqDisconnect
0000000000011970 0000000000000194 T bqSetPreallocatedBuffer
0000000000011b10 0000000000000030 T parcelCreate
0000000000011b40 0000000000000174 T parcelTransact
0000000000011cc0 0000000000000080 T parcelWriteData
0000000000011d40 0000000000000088 T parcelReadData
0000000000011dd0 0000000000000020 T parcelWriteInt32
0000000000011df0 0000000000000020 T parcelWriteUInt32
0000000000011e10 000000000000007c T parcelWriteString16
0000000000011e90 0000000000000030 T parcelWriteInterfaceToken
0000000000011ec0 0000000000000024 T parcelReadInt32
0000000000011ef0 0000000000000068 T parcelReadFlattenedObject
0000000000011f60 0000000000000044 T parcelWriteFlattenedObject
0000000000011fb0 0000000000000184 T sessionmgrCreate
0000000000012140 0000000000000084 T sessionmgrClose
00000000000121d0 00000000000000a8 T sessionmgrAttachClient
0000000000012280 0000000000000060 T sessionmgrDetachClient
00000000000122e0 0000000000000028 T srand
0000000000012320 0000000000000038 T rand
0000000000012380 0000000000000104 T memset
00000000000124a0 0000000000000034 T setenv
0000000000012500 0000000000000134 T strcmp
0000000000012640 00000000000001b4 T strncmp
0000000000012800 00000000000000dc T memchr
00000000000128e0 000000000000001c t stdio_exit_handler
0000000000012900 000000000000006c t cleanup_stdio
0000000000012980 0000000000000134 t global_stdio_init.part.0
0000000000012ac0 000000000000000c T __sfp_lock_acquire
0000000000012ae0 000000000000000c T __sfp_lock_release
0000000000012b00 0000000000000054 T __sinit
0000000000012b60 00000000000001a4 t _strtoul_l.isra.0
0000000000012d20 0000000000000034 T _strtoul_r
0000000000012d60 0000000000000040 T strtoul
0000000000012da0 00000000000000a4 T __libc_init_array
0000000000012e60 0000000000000088 T strncat
0000000000012f00 0000000000000098 T _fwalk_sglue
0000000000012fa0 00000000000000b4 T bsearch
0000000000013060 0000000000000014 T __errno
0000000000013080 000000000000002c T aligned_alloc
00000000000130c0 00000000000000d4 T _puts_r
00000000000131a0 000000000000001c T puts
00000000000131c0 000000000000022c T memcpy
00000000000131c0 T memmove
0000000000013400 0000000000000840 T _malloc_r
0000000000013c40 000000000000011c T _malloc_trim_r
0000000000013d60 00000000000002d8 T _free_r
0000000000014040 0000000000000080 T printf
00000000000140c0 0000000000000038 T malloc
0000000000014100 000000000000001c T free
0000000000014120 0000000000000028 T gmtime
0000000000014180 0000000000000130 T strlen
00000000000142c0 00000000000000b8 T strnlen
0000000000014380 000000000000000c T __malloc_lock
00000000000143a0 000000000000000c T __malloc_unlock
00000000000143c0 0000000000000258 T _setenv_r
0000000000014620 0000000000000004 W __call_exitprocs
0000000000014640 0000000000000278 T setvbuf
00000000000148c0 00000000000000ac T strncpy
0000000000014980 00000000000000b0 T sscanf
0000000000014a40 00000000000004a4 T __sfvwrite_r
0000000000014f00 000000000000004c T __sread
0000000000014f60 0000000000000008 T __seofread
0000000000014f80 0000000000000070 T __swrite
0000000000015000 0000000000000050 T __sseek
0000000000015060 0000000000000008 T __sclose
0000000000015080 000000000000000c T __env_lock
00000000000150a0 000000000000000c T __env_unlock
00000000000150c0 0000000000000130 T _fclose_r
0000000000015200 00000000000002a0 T gmtime_r
00000000000154a0 000000000000018c T _memalign_r
0000000000015640 00000000000000cc T strchr
000000000001570c 0000000000000790 t get_arg
0000000000015e9c 0000000000003bd4 T _vfprintf_r
0000000000019a70 00000000000000d0 t __sbprintf
0000000000019b40 00000000000001a4 t quorem
0000000000019d00 0000000000001320 T _dtoa_r
000000000001b020 00000000000000d0 T _wcrtomb_r
000000000001b100 0000000000000044 T __libc_fini_array
000000000001b160 00000000000001ec T __sflush_r
000000000001b360 00000000000000bc T _fflush_r
000000000001b420 00000000000000b0 T __swhatbuf_r
000000000001b4e0 00000000000000e8 T __smakebuf_r
000000000001b5e0 00000000000000f4 T _findenv_r
000000000001b6e0 0000000000000568 T _realloc_r
000000000001bc48 0000000000000074 t get_arg
000000000001bcbc 0000000000003260 T __ssvfscanf_r
000000000001ef20 00000000000001a4 t _strtoull_l.isra.0
000000000001f0e0 0000000000000034 T _strtoull_r
000000000001f120 0000000000000010 T _wcsrtombs_r
000000000001f140 00000000000000d8 T _mbrtowc_r
000000000001f220 000000000000012c T __swsetup_r
000000000001f360 000000000000000c T nanf
000000000001f380 000000000000007c T frexp
000000000001f400 0000000000000064 T __assert_func
000000000001f480 00000000000000a4 T _Balloc
000000000001f540 0000000000000020 T _Bfree
000000000001f560 0000000000000118 T __multadd
000000000001f680 0000000000000144 T __s2b
000000000001f7e0 0000000000000094 T __hi0bits
000000000001f880 0000000000000100 T __lo0bits
000000000001f980 000000000000004c T __i2b
000000000001f9e0 0000000000000210 T __multiply
000000000001fc00 0000000000000104 T __pow5mult
000000000001fd20 0000000000000174 T __lshift
000000000001fea0 0000000000000050 T __mcmp
000000000001ff00 00000000000001c4 T __mdiff
00000000000200e0 0000000000000084 T __ulp
0000000000020180 0000000000000168 T __b2d
0000000000020300 000000000000014c T __d2b
0000000000020460 00000000000000b0 T __ratio
0000000000020520 0000000000000074 T __copybits
00000000000205a0 0000000000000068 T __any_on
0000000000020620 00000000000002c0 t _strtoll_l.isra.0
00000000000208e0 0000000000000034 T _strtoll_r
0000000000020920 000000000000002c T __locale_mb_cur_max
0000000000020960 0000000000000058 t sulp
00000000000209c0 00000000000012f4 T _strtod_l
0000000000021cc0 0000000000000040 T _strtod_r
0000000000021d00 00000000000000c8 T __ssprint_r
0000000000021de0 0000000000000080 T fiprintf
0000000000021e60 0000000000000188 T _wcsnrtombs_l
0000000000022000 0000000000000054 T _wcsnrtombs_r
0000000000022054 00000000000000f0 T _sungetc_r
0000000000022144 0000000000000070 T __ssrefill_r
00000000000221b4 00000000000000dc T _sfread_r
00000000000222a0 0000000000000110 t rshift
00000000000223c0 0000000000000860 T __gethex
0000000000022c20 000000000000009c T sprintf
0000000000022cc0 00000000000002dc T __utf8_mbtowc
0000000000022fa0 0000000000000038 T __sprint_r
0000000000022fe0 0000000000000008 T iswspace
0000000000023000 0000000000000018 T abort
0000000000023020 0000000000000008 T __localeconv_l
0000000000023040 0000000000000028 T _localeconv_r
0000000000023080 00000000000000bc T _calloc_r
0000000000023140 000000000000002c T realloc
000000000002316c 0000000000000790 t get_arg
00000000000238fc 0000000000003a84 T _svfprintf_r
0000000000027380 00000000000002c0 t _strtol_l.part.0
0000000000027640 0000000000000070 T _strtol_r
00000000000276c0 00000000000000d0 T __sccl
00000000000277a0 00000000000000ac T stpncpy
0000000000027860 0000000000000188 T __ssputs_r
0000000000027a00 00000000000000e0 T __utf8_wctomb
0000000000027ae0 0000000000000048 T __match
0000000000027b40 000000000000025c T __hexnan
0000000000027da0 000000000000000c T nan
0000000000027dc0 000000000000009c T _raise_r
0000000000027e60 000000000000001c T raise
0000000000027e80 0000000000000048 T iswspace_l
0000000000027ee0 00000000000000b8 T __submore
0000000000027f98 0000000000000790 t get_arg
0000000000028728 0000000000002964 T _vfiprintf_r
000000000002b08c 00000000000000d0 t __sbprintf
000000000002b160 0000000000000084 T category
000000000002b200 0000000000000020 T _exit
000000000002b220 000000000000016c T chdir
000000000002b3a0 0000000000000218 T _concatenate_path
000000000002b5c0 000000000000009c T _fstat_r
000000000002b660 0000000000000010 T _getpid_r
000000000002b680 0000000000000020 T __getreent
000000000002b6a0 0000000000000060 T __get_handle
000000000002b700 00000000000000f4 T _close_r
000000000002b800 0000000000000008 t null_write
000000000002b820 0000000000000018 T setDefaultDevice
000000000002b840 0000000000000110 T FindDevice
000000000002b960 0000000000000034 T RemoveDevice
000000000002b9a0 00000000000000c4 T AddDevice
000000000002ba80 0000000000000034 T GetDeviceOpTab
000000000002bac0 0000000000000008 T _isatty_r
000000000002bae0 0000000000000010 T _kill_r
000000000002bb00 00000000000000a0 T _lseek_r
000000000002bba0 00000000000000b0 T _read_r
000000000002bc60 0000000000000078 W _sbrk_r
000000000002bce0 0000000000000014 T __libc_lock_acquire
000000000002bd00 0000000000000014 T __libc_lock_release
000000000002bd20 0000000000000014 T __libc_lock_acquire_recursive
000000000002bd40 0000000000000014 T __libc_lock_release_recursive
000000000002bd60 00000000000000b0 T _write_r
000000000002be20 0000000000000134 t __extenddftf2
000000000002bf60 0000000000000380 t __trunctfdf2
000000000002c2e0 0000000000000070 t __sfp_handle_exceptions
000000000002c380 0000000000000104 T strrchr
000000000002c488 T _init
000000000002c4c0 T _fini
000000000002d4c0 0000000000000014 r CSWTCH.1000
000000000002d5c0 0000000000000018 r grayScale
000000000002d5d8 0000000000000006 r colorCube
000000000002d5e0 0000000000000030 r colorTable
000000000002d610 R default_font_bin
000000000002f610 R default_font_bin_end
000000000002f610 0000000000000038 r g_nvColorFmtTable
000000000002f648 0000000000000024 r s_emptyFence.0
000000000002f670 0000000000000020 r error_table
000000000002f720 0000000000000023 r g_bq_InterfaceDescriptor
000000000002f748 0000000000000101 R _ctype_
000000000002f990 0000000000000010 r zeroes.0
000000000002f9a0 0000000000000010 r blanks.1
000000000002fae0 0000000000000022 r basefix.0
000000000002fb08 000000000000006c R __action_table
000000000002fb78 000000000000006c R __state_table
000000000002fbe8 0000000000000100 R __chclass
000000000002fce8 000000000000000c r p05.0
000000000002fcf8 0000000000000028 R __mprec_bigtens
000000000002fd20 00000000000000c8 R __mprec_tens
000000000002fde8 0000000000000014 r fpinan.0
000000000002fe00 0000000000000014 r fpi.1
000000000002fe20 0000000000000028 r tinytens
000000000002fe48 0000000000000100 R __hexdig
0000000000030040 0000000000000010 r zeroes.0
0000000000030050 0000000000000010 r blanks.1
0000000000030160 0000000000000010 r zeroes.0
0000000000030170 0000000000000010 r blanks.1
0000000000030180 00000000000035dc r categories
0000000000033760 r __tls_align
0000000000033768 r __EH_FRAME_BEGIN__
0000000000033768 r __eh_frame_hdr_end
0000000000033768 r __eh_frame_hdr_start
0000000000038a7c r __FRAME_END__
0000000000039000 d __frame_dummy_init_array_entry
0000000000039000 d __init_array_start
0000000000039000 d __preinit_array_end
0000000000039000 d __preinit_array_start
0000000000039000 d __relro_start
0000000000039008 d __do_global_dtors_aux_fini_array_entry
0000000000039008 d __fini_array_start
0000000000039008 d __init_array_end
0000000000039010 d __fini_array_end
0000000000039010 0000000000000100 d dotab_stdout
0000000000039110 0000000000000100 d fsdev_devoptab
0000000000039210 0000000000000100 D dotab_stdnull
0000000000039310 a _DYNAMIC
0000000000039460 d __got_start__
0000000000039460 a _GLOBAL_OFFSET_TABLE_
0000000000039700 d __got_end__
000000000003a000 d __data_start
000000000003a000 0000000000000008 V __nx_applet_init_timeout
000000000003a008 0000000000000001 V __nx_applet_auto_notifyrunning
000000000003a00c 0000000000000004 V __nx_applet_type
000000000003a010 0000000000000008 d currentConsole
000000000003a018 0000000000000050 d defaultConsole
000000000003a068 0000000000000088 d s_consoleSwRenderer
000000000003a0f0 0000000000000008 V __nx_exception_stack_size
000000000003a0f8 0000000000000001 V __nx_fsdev_support_cwd
000000000003a0fc 0000000000000004 V __nx_fsdev_direntry_cache_size
000000000003a100 0000000000000004 V __nx_fs_num_sessions
000000000003a104 0000000000000004 V __nx_nv_transfermem_size
000000000003a108 0000000000000004 V __nx_nv_service_type
000000000003a10c 0000000000000004 d g_viServiceType
000000000003a110 0000000000000004 V __nx_vi_stray_layer_flags
000000000003a114 0000000000000004 d g_ctrl_fd
000000000003a118 0000000000000004 d g_nvmap_fd
000000000003a120 0000000000000018 D __sglue
000000000003a138 0000000000000008 D __malloc_sbrk_base
000000000003a140 0000000000000008 D __malloc_trim_threshold
000000000003a148 0000000000000810 D __malloc_av_
000000000003a958 0000000000000008 D _impure_ptr
000000000003a960 0000000000000180 D _impure_data
000000000003aae0 0000000000000008 D environ
000000000003aae8 00000000000001a8 D __global_locale
000000000003ac90 0000000000000400 d _current_working_directory
000000000003b0a0 0000000000002000 d handles
000000000003d0a0 0000000000000010 d __stderr_handle
000000000003d0b0 0000000000000010 d __stdout_handle
000000000003d0c0 0000000000000010 d __stdin_handle
000000000003d0d0 0000000000000118 D devoptab_list
000000000003d1e8 0000000000000004 d defaultDevice
000000000003d1f0 b __bss_start__
000000000003d1f0 d __tdata_lma
000000000003d1f0 d __tdata_lma_end
000000000003d1f0 b completed.1
000000000003d1f8 b object.0
000000000003d228 0000000000000008 b g_appletGuard
000000000003d230 0000000000000001 b g_appletInfoInitialized
000000000003d238 0000000000000050 b g_appletInfo
000000000003d288 0000000000000004 b g_appletCpuBoostMode
000000000003d290 000000000000000c b g_appletLibraryAppletLaunchableEvent
000000000003d29c 0000000000000001 b g_appletSuspendedTickInitialized
000000000003d2a0 0000000000000008 b g_appletSuspendedTick
000000000003d2a8 0000000000000008 b g_appletInitTickBase
000000000003d2b0 000000000000000c b g_appletSuspendedTickEvent
000000000003d2bc 0000000000000001 b g_appletCopyrightInitialized
000000000003d2c0 0000000000000028 b g_appletCopyrightTmem
000000000003d2e8 0000000000000004 b g_appletRecordingInitialized
000000000003d2f0 0000000000000028 b g_appletRecordingTmem
000000000003d318 0000000000000018 b g_appletFirstHook
000000000003d330 0000000000000001 b g_appletNotifiedRunning
000000000003d331 0000000000000001 b g_appletFocusState
000000000003d334 0000000000000004 b g_appletPerformanceMode
000000000003d338 0000000000000001 b g_appletOperationMode
000000000003d340 0000000000000008 b g_appletResourceUserId
000000000003d348 000000000000000c b g_appletMessageEvent
000000000003d358 0000000000000010 b g_appletIDebugFunctions
000000000003d368 0000000000000010 b g_appletIDisplayController
000000000003d378 0000000000000010 b g_appletIAudioController
000000000003d388 0000000000000010 b g_appletIWindowController
000000000003d398 0000000000000010 b g_appletISelfController
000000000003d3a8 0000000000000010 b g_appletICommonStateGetter
000000000003d3b8 0000000000000010 b g_appletILibraryAppletCreator
000000000003d3c8 0000000000000010 b g_appletIProcessWindingController
000000000003d3d8 0000000000000010 b g_appletILibraryAppletSelfAccessor
000000000003d3e8 0000000000000010 b g_appletIApplicationCreator
000000000003d3f8 0000000000000010 b g_appletIGlobalStateController
000000000003d408 0000000000000010 b g_appletIFunctions
000000000003d418 0000000000000010 b g_appletIAppletCommonFunctions
000000000003d428 0000000000000004 b g_appletExitProcessResult
000000000003d42c 0000000000000001 b g_appletExitProcessFlag
000000000003d42d 0000000000000001 b g_appletLeftInitialized
000000000003d430 0000000000000010 b g_appletProxySession
000000000003d440 0000000000000010 b g_appletSrv
000000000003d450 0000000000000004 V __nx_applet_exit_mode
000000000003d458 0000000000000008 V __nx_applet_PerformanceConfiguration
000000000003d460 0000000000000080 V __nx_applet_AppletAttribute
000000000003d4e0 0000000000000008 b g_smGuard
000000000003d4e8 0000000000000008 b g_smOverridesNum
000000000003d4f0 0000000000000180 b g_smOverrides
000000000003d670 0000000000000010 b g_smSrv
000000000003d680 0000000000000008 b g_userIdStorage
000000000003d690 0000000000000010 b g_randomSeed
000000000003d6a0 0000000000000001 b g_hasRandomSeed
000000000003d6a4 0000000000000004 b g_lastLoadResult
000000000003d6a8 0000000000000008 b g_nextLoadArgv
000000000003d6b0 0000000000000008 b g_nextLoadPath
000000000003d6b8 0000000000000004 b g_processHandle
000000000003d6c0 0000000000000018 b g_syscallHints
000000000003d6d8 0000000000000008 b g_overrideArgv
000000000003d6e0 0000000000000008 b g_overrideHeapSize
000000000003d6e8 0000000000000008 b g_overrideHeapAddr
000000000003d6f0 0000000000000008 b g_loaderRetAddr
000000000003d6f8 0000000000000004 b g_mainThreadHandle
000000000003d700 0000000000000008 b g_loaderInfoSize
000000000003d708 0000000000000008 b g_loaderInfo
000000000003d710 0000000000000001 b g_isNso
000000000003d714 0000000000000004 b g_hosVersion
000000000003d718 0000000000000001 b didFirstConsoleInit.0
000000000003d720 0000000000000050 b currentCopy
000000000003d770 B __stack_top
000000000003d778 0000000000000001 b g_IsLegacyKernel
000000000003d780 0000000000000008 b g_Reservations
000000000003d790 0000000000000010 b g_StackRegion
000000000003d7a0 0000000000000010 b g_AslrRegion
000000000003d7b0 0000000000000010 b g_HeapRegion
000000000003d7c0 0000000000000010 b g_AliasRegion
000000000003d7d0 0000000000000004 b g_VirtmemMutex
000000000003d7d8 0000000000000008 b g_apmGuard
000000000003d7e0 0000000000000010 b g_apmISession
000000000003d7f0 0000000000000010 b g_apmSrv
000000000003d800 0000000000000008 b g_hidGuard
000000000003d808 0000000000000008 b g_sevenSixAxisSensorBuffer
000000000003d810 0000000000000020 b g_hidSharedmem
000000000003d830 0000000000000010 b g_hidIActiveVibrationDeviceList
000000000003d840 0000000000000010 b g_hidIAppletResource
000000000003d850 0000000000000010 b g_hidSrv
000000000003d860 0000000000000080 b g_defaultWin
000000000003d8e0 0000000000000010 b g_viLayer
000000000003d8f0 0000000000000050 b g_viDisplay
000000000003d940 0000000000000008 b g_argv_empty
000000000003d948 0000000000000008 B __system_argv
000000000003d950 0000000000000004 B __system_argc
000000000003d960 0000000000000340 B __nx_exceptiondump
000000000003dca0 0000000000000004 V __nx_exception_ignoredebug
000000000003dcb0 0000000000000400 V __nx_exception_stack
000000000003e0b0 0000000000000008 V __nx_heap_size
000000000003e0b8 0000000000000008 b __bootticks
000000000003e0c0 0000000000000008 b __boottime
000000000003e0c8 0000000000000004 V __nx_time_type
000000000003e0d0 0000000000000004 B __nxlink_host
000000000003e0e0 0000000000002800 b fsdev_fsdevices
00000000000408e0 0000000000000004 b fsdev_fsdevice_cwd
00000000000408e4 0000000000000001 b fsdev_initialised
00000000000408e8 0000000000000004 b g_randMutex
00000000000408ec 0000000000000001 b g_randInit
00000000000408f0 0000000000000040 b g_chacha
0000000000040930 0000000000000038 b g_mainThread
0000000000040968 0000000000000008 b g_threadList
0000000000040970 0000000000000004 b g_threadMutex
0000000000040978 0000000000000008 b g_fsGuard
0000000000040980 0000000000000054 b g_fsSessionMgr
00000000000409d8 0000000000000010 b g_fsSrv
00000000000409e8 0000000000000008 b g_nvGuard
00000000000409f0 0000000000000028 b g_nvTransfermem
0000000000040a18 0000000000000010 b g_nvSrvClone
0000000000040a28 0000000000000010 b g_nvSrv
0000000000040a38 0000000000000008 b g_setsysGuard
0000000000040a40 0000000000000010 b g_setsysSrv
0000000000040a50 0000000000000008 b g_timeGuard
0000000000040a58 0000000000000020 b g_timeSharedmem
0000000000040a78 0000000000000010 b g_timeLocalSystemClock
0000000000040a88 0000000000000010 b g_timeTimeZoneService
0000000000040a98 0000000000000010 b g_timeSteadyClock
0000000000040aa8 0000000000000010 b g_timeNetworkSystemClock
0000000000040ab8 0000000000000010 b g_timeUserSystemClock
0000000000040ac8 0000000000000010 b g_timeSrv
0000000000040ad8 0000000000000004 V __nx_time_service_type
0000000000040ae0 0000000000000008 b g_viGuard
0000000000040ae8 0000000000000010 b g_viIHOSBinderDriverIndirect
0000000000040af8 0000000000000010 b g_viIManagerDisplayService
0000000000040b08 0000000000000010 b g_viISystemDisplayService
0000000000040b18 0000000000000010 b g_viIHOSBinderDriverRelay
0000000000040b28 0000000000000010 b g_viIApplicationDisplayService
0000000000040b38 0000000000000010 b g_viRootService
0000000000040b48 0000000000000008 V __nx_vi_layer_id
0000000000040b50 0000000000000008 b g_nvFenceGuard
0000000000040b58 0000000000000300 b g_NvEvents
0000000000040e58 0000000000000008 b g_NvEventUsedMask
0000000000040e60 0000000000000008 b g_nvMapGuard
0000000000040e68 000000000000000c b __sfp_recursive_mutex
0000000000040e78 0000000000000228 B __sf
00000000000410a0 0000000000000008 B __stdio_exit_handler
00000000000410a8 0000000000000050 B __malloc_current_mallinfo
00000000000410f8 0000000000000008 B __malloc_max_total_mem
0000000000041100 0000000000000008 B __malloc_max_sbrked_mem
0000000000041108 0000000000000008 B __malloc_top_pad
0000000000041110 000000000000000c b __malloc_recursive_mutex
000000000004111c 0000000000000004 b alloced.0
0000000000041120 000000000000000c b __env_recursive_mutex
0000000000041130 0000000000000008 b initial_env
0000000000041140 0000000000000400 b temp_cwd
0000000000041540 0000000000000004 b __hndl_lock
0000000000041548 0000000000000008 B fake_heap_start
0000000000041550 0000000000000008 B fake_heap_end
0000000000041558 0000000000000008 b heap_start.0
0000000000041560 b __tls_start
0000000000041970 b __bss_end__
0000000000041970 b __end__
0000000000041970 b __tls_end
0000000000042000 b __argdata__
